<?xml version="1.0" encoding="UTF-8"?>
<!-- Generated by org.testng.reporters.JUnitXMLReporter -->
<testsuite ignored="0" hostname="DESKTOP-26A9125" failures="1" tests="1" name=" Admin Login with Valid credentials Test Case" time="7.569" errors="0" timestamp="15 Jul 2023 10:57:00 GMT">
  <testcase classname="testcases.AdminLoginwithValidCredentialsTestCase" name="adminlogin" time="0.0">
    <failure type="org.testng.TestNGException" message="
Parameter &amp;apos;uid&amp;apos; is required by @Test on method adminlogin but has not been marked @Optional or defined
in C:\Naresh\TestNGProject\orangeHrm.xml">
      <![CDATA[org.testng.TestNGException: 
Parameter 'uid' is required by @Test on method adminlogin but has not been marked @Optional or defined
in C:\Naresh\TestNGProject\orangeHrm.xml
... Removed 24 stack frames]]>
    </failure>
  </testcase> <!-- adminlogin -->
</testsuite> <!--  Admin Login with Valid credentials Test Case -->
